<?xml version="1.0" encoding="UTF-8"?>
<!-- Generated by org.testng.reporters.JUnitXMLReporter -->
<testsuite ignored="0" hostname="Paresh" failures="1" tests="8" name="Test" time="131.88" errors="0" timestamp="2024-08-08T12:51:31 IST">
  <testcase classname="TestCases.TagTesting" name="@AfterMethod reportvalidation" time="0.226">
    <failure type="java.lang.NullPointerException" message="Cannot invoke &amp;quot;org.openqa.selenium.WebDriver.quit()&amp;quot; because &amp;quot;this.driver&amp;quot; is null">
      <![CDATA[java.lang.NullPointerException: Cannot invoke "org.openqa.selenium.WebDriver.quit()" because "this.driver" is null
at TestCases.TagTesting.reportvalidation(TagTesting.java:120)
at java.base/java.util.ArrayList.forEach(ArrayList.java:1596)
... Removed 30 stack frames]]>
    </failure>
  </testcase> <!-- @AfterMethod reportvalidation -->
  <testcase classname="TestCases.TagTesting" name="@AfterMethod reportvalidation" time="0.0">
    <skipped/>
  </testcase> <!-- @AfterMethod reportvalidation -->
  <testcase classname="TestCases.TagTesting" name="@AfterMethod reportvalidation" time="0.0">
    <skipped/>
  </testcase> <!-- @AfterMethod reportvalidation -->
  <testcase classname="TestCases.TagTesting" name="@AfterMethod reportvalidation" time="0.0">
    <skipped/>
  </testcase> <!-- @AfterMethod reportvalidation -->
  <testcase classname="TestCases.TagTesting" name="@AfterMethod reportvalidation" time="0.0">
    <skipped/>
  </testcase> <!-- @AfterMethod reportvalidation -->
  <testcase classname="TestCases.TagTesting" name="@AfterMethod reportvalidation" time="0.0">
    <skipped/>
  </testcase> <!-- @AfterMethod reportvalidation -->
  <testcase classname="TestCases.TagTesting" name="@AfterMethod reportvalidation" time="0.0">
    <skipped/>
  </testcase> <!-- @AfterMethod reportvalidation -->
  <testcase classname="TestCases.TagTesting" name="@AfterMethod reportvalidation" time="0.0">
    <skipped/>
  </testcase> <!-- @AfterMethod reportvalidation -->
  <testcase classname="TestCases.TagTesting" name="@AfterTest close" time="0.0">
    <skipped/>
  </testcase> <!-- @AfterTest close -->
  <testcase classname="TestCases.TagTesting" name="tagtesting" time="0.336">
    <skipped/>
  </testcase> <!-- tagtesting -->
  <testcase classname="TestCases.TagTesting" name="tagtesting" time="130.251">
    <skipped/>
  </testcase> <!-- tagtesting -->
  <testcase classname="TestCases.TagTesting" name="tagtesting" time="0.094">
    <skipped/>
  </testcase> <!-- tagtesting -->
  <testcase classname="TestCases.TagTesting" name="tagtesting" time="0.102">
    <skipped/>
  </testcase> <!-- tagtesting -->
  <testcase classname="TestCases.TagTesting" name="tagtesting" time="0.102">
    <skipped/>
  </testcase> <!-- tagtesting -->
  <testcase classname="TestCases.TagTesting" name="tagtesting" time="0.11">
    <skipped/>
  </testcase> <!-- tagtesting -->
  <testcase classname="TestCases.TagTesting" name="tagtesting" time="0.082">
    <skipped/>
  </testcase> <!-- tagtesting -->
  <testcase classname="TestCases.TagTesting" name="tagtesting" time="0.113">
    <failure type="org.openqa.selenium.SessionNotCreatedException" message="Could not start a new session. Response code 500. Message: Failed to set preferences: unknown error 
Host info: host: &amp;apos;PARESH&amp;apos;, ip: &amp;apos;192.168.0.103&amp;apos;
Build info: version: &amp;apos;4.19.1&amp;apos;, revision: &amp;apos;abe0ee07dc&amp;apos;
System info: os.name: &amp;apos;Windows 11&amp;apos;, os.arch: &amp;apos;amd64&amp;apos;, os.version: &amp;apos;10.0&amp;apos;, java.version: &amp;apos;21.0.2&amp;apos;
Driver info: org.openqa.selenium.firefox.FirefoxDriver
Command: [null, newSession {capabilities=[Capabilities {acceptInsecureCerts: true, browserName: firefox, moz:debuggerAddress: true, moz:firefoxOptions: {}}]}]">
      <![CDATA[org.openqa.selenium.SessionNotCreatedException: Could not start a new session. Response code 500. Message: Failed to set preferences: unknown error 
Host info: host: 'PARESH', ip: '192.168.0.103'
Build info: version: '4.19.1', revision: 'abe0ee07dc'
System info: os.name: 'Windows 11', os.arch: 'amd64', os.version: '10.0', java.version: '21.0.2'
Driver info: org.openqa.selenium.firefox.FirefoxDriver
Command: [null, newSession {capabilities=[Capabilities {acceptInsecureCerts: true, browserName: firefox, moz:debuggerAddress: true, moz:firefoxOptions: {}}]}]
at org.openqa.selenium.remote.ProtocolHandshake.createSession(ProtocolHandshake.java:114)
at org.openqa.selenium.remote.ProtocolHandshake.createSession(ProtocolHandshake.java:75)
at org.openqa.selenium.remote.ProtocolHandshake.createSession(ProtocolHandshake.java:61)
at org.openqa.selenium.remote.HttpCommandExecutor.execute(HttpCommandExecutor.java:162)
at org.openqa.selenium.remote.service.DriverCommandExecutor.invokeExecute(DriverCommandExecutor.java:216)
at org.openqa.selenium.remote.service.DriverCommandExecutor.execute(DriverCommandExecutor.java:174)
at org.openqa.selenium.remote.RemoteWebDriver.execute(RemoteWebDriver.java:518)
at org.openqa.selenium.remote.RemoteWebDriver.startSession(RemoteWebDriver.java:232)
at org.openqa.selenium.remote.RemoteWebDriver.<init>(RemoteWebDriver.java:161)
at org.openqa.selenium.firefox.FirefoxDriver.<init>(FirefoxDriver.java:155)
at org.openqa.selenium.firefox.FirefoxDriver.<init>(FirefoxDriver.java:150)
at org.openqa.selenium.firefox.FirefoxDriver.<init>(FirefoxDriver.java:133)
at org.openqa.selenium.firefox.FirefoxDriver.<init>(FirefoxDriver.java:128)
at org.openqa.selenium.firefox.FirefoxDriver.<init>(FirefoxDriver.java:113)
at org.openqa.selenium.firefox.FirefoxDriver.<init>(FirefoxDriver.java:103)
at TestCases.TagTesting.tagtesting(TagTesting.java:68)
at java.base/java.util.ArrayList.forEach(ArrayList.java:1596)
... Removed 25 stack frames]]>
    </failure>
  </testcase> <!-- tagtesting -->
</testsuite> <!-- Test -->
