<?xml version="1.0" encoding="UTF-8"?>
<testng-results retried="2" ignored="2" total="11" passed="7" failed="0" skipped="0">
  <reporter-output>
  </reporter-output>
  <suite started-at="2024-09-24T16:30:11 IST" name="Suite" finished-at="2024-09-24T16:40:48 IST" duration-ms="636700">
    <groups>
    </groups>
    <test started-at="2024-09-24T16:30:11 IST" name="Test" finished-at="2024-09-24T16:40:48 IST" duration-ms="636700">
      <class name="TestCases.tagtest">
        <test-method is-config="true" signature="setUp()[pri:0, instance:TestCases.tagtest@6e20b53a]" started-at="2024-09-24T16:30:11 IST" name="setUp" finished-at="2024-09-24T16:30:11 IST" duration-ms="184" status="PASS">
          <reporter-output>
          </reporter-output>
        </test-method> <!-- setUp -->
        <test-method signature="tagtesting(java.lang.String,java.lang.String,java.lang.String)[pri:0, instance:TestCases.tagtest@6e20b53a]" started-at="2024-09-24T16:30:12 IST" name="tagtesting" data-provider="data" finished-at="2024-09-24T16:31:30 IST" duration-ms="77960" status="PASS">
          <params>
            <param index="0">
              <value>
                <![CDATA[https://www.sayastudio.ae/]]>
              </value>
            </param>
            <param index="1">
              <value>
                <![CDATA[google tag]]>
              </value>
            </param>
            <param index="2">
              <value>
                <![CDATA[G-GX9QK1QG7B]]>
              </value>
            </param>
          </params>
          <reporter-output>
          </reporter-output>
        </test-method> <!-- tagtesting -->
        <test-method is-config="true" signature="reportvalidation(org.testng.ITestResult)[pri:0, instance:TestCases.tagtest@6e20b53a]" started-at="2024-09-24T16:31:30 IST" name="reportvalidation" finished-at="2024-09-24T16:31:30 IST" duration-ms="374" status="PASS">
          <params>
            <param index="0">
              <value>
                <![CDATA[[TestResult name=tagtesting status=SUCCESS method=tagtest.tagtesting(java.lang.String,java.lang.String,java.lang.String)[pri:0, instance:TestCases.tagtest@6e20b53a] output={null}]]]>
              </value>
            </param>
          </params>
          <reporter-output>
          </reporter-output>
        </test-method> <!-- reportvalidation -->
        <test-method signature="tagtesting(java.lang.String,java.lang.String,java.lang.String)[pri:0, instance:TestCases.tagtest@6e20b53a]" started-at="2024-09-24T16:31:30 IST" name="tagtesting" data-provider="data" finished-at="2024-09-24T16:32:40 IST" duration-ms="69853" status="PASS">
          <params>
            <param index="0">
              <value>
                <![CDATA[https://www.liquidz.com.hk/]]>
              </value>
            </param>
            <param index="1">
              <value>
                <![CDATA[google tag]]>
              </value>
            </param>
            <param index="2">
              <value>
                <![CDATA[G-7TFPY3J2DE]]>
              </value>
            </param>
          </params>
          <reporter-output>
          </reporter-output>
        </test-method> <!-- tagtesting -->
        <test-method is-config="true" signature="reportvalidation(org.testng.ITestResult)[pri:0, instance:TestCases.tagtest@6e20b53a]" started-at="2024-09-24T16:32:40 IST" name="reportvalidation" finished-at="2024-09-24T16:32:40 IST" duration-ms="29" status="PASS">
          <params>
            <param index="0">
              <value>
                <![CDATA[[TestResult name=tagtesting status=SUCCESS method=tagtest.tagtesting(java.lang.String,java.lang.String,java.lang.String)[pri:0, instance:TestCases.tagtest@6e20b53a] output={null}]]]>
              </value>
            </param>
          </params>
          <reporter-output>
          </reporter-output>
        </test-method> <!-- reportvalidation -->
        <test-method signature="tagtesting(java.lang.String,java.lang.String,java.lang.String)[pri:0, instance:TestCases.tagtest@6e20b53a]" started-at="2024-09-24T16:32:40 IST" name="tagtesting" data-provider="data" finished-at="2024-09-24T16:33:50 IST" duration-ms="69515" status="PASS">
          <params>
            <param index="0">
              <value>
                <![CDATA[https://www.leadsnursery.com/]]>
              </value>
            </param>
            <param index="1">
              <value>
                <![CDATA[google tag]]>
              </value>
            </param>
            <param index="2">
              <value>
                <![CDATA[G-2Y8JNV0SZV]]>
              </value>
            </param>
          </params>
          <reporter-output>
          </reporter-output>
        </test-method> <!-- tagtesting -->
        <test-method is-config="true" signature="reportvalidation(org.testng.ITestResult)[pri:0, instance:TestCases.tagtest@6e20b53a]" started-at="2024-09-24T16:33:50 IST" name="reportvalidation" finished-at="2024-09-24T16:33:50 IST" duration-ms="91" status="PASS">
          <params>
            <param index="0">
              <value>
                <![CDATA[[TestResult name=tagtesting status=SUCCESS method=tagtest.tagtesting(java.lang.String,java.lang.String,java.lang.String)[pri:0, instance:TestCases.tagtest@6e20b53a] output={null}]]]>
              </value>
            </param>
          </params>
          <reporter-output>
          </reporter-output>
        </test-method> <!-- reportvalidation -->
        <test-method signature="tagtesting(java.lang.String,java.lang.String,java.lang.String)[pri:0, instance:TestCases.tagtest@6e20b53a]" started-at="2024-09-24T16:33:50 IST" name="tagtesting" data-provider="data" finished-at="2024-09-24T16:35:02 IST" duration-ms="72254" status="PASS">
          <params>
            <param index="0">
              <value>
                <![CDATA[https://castelbel.hk/]]>
              </value>
            </param>
            <param index="1">
              <value>
                <![CDATA[google tag]]>
              </value>
            </param>
            <param index="2">
              <value>
                <![CDATA[G-JV8HRD5LHW]]>
              </value>
            </param>
          </params>
          <reporter-output>
          </reporter-output>
        </test-method> <!-- tagtesting -->
        <test-method is-config="true" signature="reportvalidation(org.testng.ITestResult)[pri:0, instance:TestCases.tagtest@6e20b53a]" started-at="2024-09-24T16:35:02 IST" name="reportvalidation" finished-at="2024-09-24T16:35:02 IST" duration-ms="66" status="PASS">
          <params>
            <param index="0">
              <value>
                <![CDATA[[TestResult name=tagtesting status=SUCCESS method=tagtest.tagtesting(java.lang.String,java.lang.String,java.lang.String)[pri:0, instance:TestCases.tagtest@6e20b53a] output={null}]]]>
              </value>
            </param>
          </params>
          <reporter-output>
          </reporter-output>
        </test-method> <!-- reportvalidation -->
        <test-method signature="tagtesting(java.lang.String,java.lang.String,java.lang.String)[pri:0, instance:TestCases.tagtest@6e20b53a]" started-at="2024-09-24T16:35:02 IST" name="tagtesting" data-provider="data" finished-at="2024-09-24T16:36:12 IST" duration-ms="69359" status="PASS">
          <params>
            <param index="0">
              <value>
                <![CDATA[https://www.gdata.in/]]>
              </value>
            </param>
            <param index="1">
              <value>
                <![CDATA[google tag]]>
              </value>
            </param>
            <param index="2">
              <value>
                <![CDATA[G-5FG1J90486]]>
              </value>
            </param>
          </params>
          <reporter-output>
          </reporter-output>
        </test-method> <!-- tagtesting -->
        <test-method is-config="true" signature="reportvalidation(org.testng.ITestResult)[pri:0, instance:TestCases.tagtest@6e20b53a]" started-at="2024-09-24T16:36:12 IST" name="reportvalidation" finished-at="2024-09-24T16:36:12 IST" duration-ms="24" status="PASS">
          <params>
            <param index="0">
              <value>
                <![CDATA[[TestResult name=tagtesting status=SUCCESS method=tagtest.tagtesting(java.lang.String,java.lang.String,java.lang.String)[pri:0, instance:TestCases.tagtest@6e20b53a] output={null}]]]>
              </value>
            </param>
          </params>
          <reporter-output>
          </reporter-output>
        </test-method> <!-- reportvalidation -->
        <test-method signature="tagtesting(java.lang.String,java.lang.String,java.lang.String)[pri:0, instance:TestCases.tagtest@6e20b53a]" started-at="2024-09-24T16:36:12 IST" name="tagtesting" data-provider="data" finished-at="2024-09-24T16:37:21 IST" duration-ms="69932" status="PASS">
          <params>
            <param index="0">
              <value>
                <![CDATA[https://www.fuchsiame.com/]]>
              </value>
            </param>
            <param index="1">
              <value>
                <![CDATA[google tag]]>
              </value>
            </param>
            <param index="2">
              <value>
                <![CDATA[GTM-KXJVNL5]]>
              </value>
            </param>
          </params>
          <reporter-output>
          </reporter-output>
        </test-method> <!-- tagtesting -->
        <test-method is-config="true" signature="reportvalidation(org.testng.ITestResult)[pri:0, instance:TestCases.tagtest@6e20b53a]" started-at="2024-09-24T16:37:21 IST" name="reportvalidation" finished-at="2024-09-24T16:37:22 IST" duration-ms="65" status="PASS">
          <params>
            <param index="0">
              <value>
                <![CDATA[[TestResult name=tagtesting status=SUCCESS method=tagtest.tagtesting(java.lang.String,java.lang.String,java.lang.String)[pri:0, instance:TestCases.tagtest@6e20b53a] output={null}]]]>
              </value>
            </param>
          </params>
          <reporter-output>
          </reporter-output>
        </test-method> <!-- reportvalidation -->
        <test-method retried="true" signature="tagtesting(java.lang.String,java.lang.String,java.lang.String)[pri:0, instance:TestCases.tagtest@6e20b53a]" started-at="2024-09-24T16:37:22 IST" name="tagtesting" data-provider="data" finished-at="2024-09-24T16:38:30 IST" duration-ms="68640" status="SKIP">
          <params>
            <param index="0">
              <value>
                <![CDATA[https://www.allrefrigerants.com/]]>
              </value>
            </param>
            <param index="1">
              <value>
                <![CDATA[google tag]]>
              </value>
            </param>
            <param index="2">
              <value>
                <![CDATA[G-ZQ08J2KHQ9]]>
              </value>
            </param>
          </params>
          <exception class="java.lang.AssertionError">
            <message>
              <![CDATA[expected [G-ZQ08J2KHQ9] but found []]]>
            </message>
            <full-stacktrace>
              <![CDATA[java.lang.AssertionError: expected [G-ZQ08J2KHQ9] but found []
at org.testng.Assert.fail(Assert.java:111)
at org.testng.Assert.failNotEquals(Assert.java:1578)
at org.testng.Assert.assertEqualsImpl(Assert.java:150)
at org.testng.Assert.assertEquals(Assert.java:132)
at org.testng.Assert.assertEquals(Assert.java:656)
at org.testng.Assert.assertEquals(Assert.java:666)
at TestCases.tagtest.tagtesting(tagtest.java:143)
at java.base/jdk.internal.reflect.DirectMethodHandleAccessor.invoke(DirectMethodHandleAccessor.java:103)
at java.base/java.lang.reflect.Method.invoke(Method.java:580)
at org.testng.internal.invokers.MethodInvocationHelper.invokeMethod(MethodInvocationHelper.java:139)
at org.testng.internal.invokers.TestInvoker.invokeMethod(TestInvoker.java:664)
at org.testng.internal.invokers.TestInvoker.invokeTestMethod(TestInvoker.java:228)
at org.testng.internal.invokers.MethodRunner.runInSequence(MethodRunner.java:63)
at org.testng.internal.invokers.TestInvoker$MethodInvocationAgent.invoke(TestInvoker.java:961)
at org.testng.internal.invokers.TestInvoker.invokeTestMethods(TestInvoker.java:201)
at org.testng.internal.invokers.TestMethodWorker.invokeTestMethods(TestMethodWorker.java:148)
at org.testng.internal.invokers.TestMethodWorker.run(TestMethodWorker.java:128)
at java.base/java.util.ArrayList.forEach(ArrayList.java:1596)
at org.testng.TestRunner.privateRun(TestRunner.java:819)
at org.testng.TestRunner.run(TestRunner.java:619)
at org.testng.SuiteRunner.runTest(SuiteRunner.java:443)
at org.testng.SuiteRunner.runSequentially(SuiteRunner.java:437)
at org.testng.SuiteRunner.privateRun(SuiteRunner.java:397)
at org.testng.SuiteRunner.run(SuiteRunner.java:336)
at org.testng.SuiteRunnerWorker.runSuite(SuiteRunnerWorker.java:52)
at org.testng.SuiteRunnerWorker.run(SuiteRunnerWorker.java:95)
at org.testng.TestNG.runSuitesSequentially(TestNG.java:1301)
at org.testng.TestNG.runSuitesLocally(TestNG.java:1228)
at org.testng.TestNG.runSuites(TestNG.java:1134)
at org.testng.TestNG.run(TestNG.java:1101)
at org.apache.maven.surefire.testng.TestNGExecutor.run(TestNGExecutor.java:284)
at org.apache.maven.surefire.testng.TestNGXmlTestSuite.execute(TestNGXmlTestSuite.java:75)
at org.apache.maven.surefire.testng.TestNGProvider.invoke(TestNGProvider.java:119)
at org.apache.maven.surefire.booter.ForkedBooter.runSuitesInProcess(ForkedBooter.java:428)
at org.apache.maven.surefire.booter.ForkedBooter.execute(ForkedBooter.java:162)
at org.apache.maven.surefire.booter.ForkedBooter.run(ForkedBooter.java:562)
at org.apache.maven.surefire.booter.ForkedBooter.main(ForkedBooter.java:548)
]]>
            </full-stacktrace>
          </exception> <!-- java.lang.AssertionError -->
          <reporter-output>
          </reporter-output>
        </test-method> <!-- tagtesting -->
        <test-method is-config="true" signature="reportvalidation(org.testng.ITestResult)[pri:0, instance:TestCases.tagtest@6e20b53a]" started-at="2024-09-24T16:38:30 IST" name="reportvalidation" finished-at="2024-09-24T16:38:30 IST" duration-ms="55" status="PASS">
          <params>
            <param index="0">
              <value>
                <![CDATA[[TestResult name=tagtesting status=SKIP method=tagtest.tagtesting(java.lang.String,java.lang.String,java.lang.String)[pri:0, instance:TestCases.tagtest@6e20b53a] output={null}]]]>
              </value>
            </param>
          </params>
          <reporter-output>
          </reporter-output>
        </test-method> <!-- reportvalidation -->
        <test-method retried="true" signature="tagtesting(java.lang.String,java.lang.String,java.lang.String)[pri:0, instance:TestCases.tagtest@6e20b53a]" started-at="2024-09-24T16:38:30 IST" name="tagtesting" data-provider="data" finished-at="2024-09-24T16:39:39 IST" duration-ms="68806" status="SKIP">
          <params>
            <param index="0">
              <value>
                <![CDATA[https://www.allrefrigerants.com/]]>
              </value>
            </param>
            <param index="1">
              <value>
                <![CDATA[google tag]]>
              </value>
            </param>
            <param index="2">
              <value>
                <![CDATA[G-ZQ08J2KHQ9]]>
              </value>
            </param>
          </params>
          <exception class="java.lang.AssertionError">
            <message>
              <![CDATA[expected [G-ZQ08J2KHQ9] but found []]]>
            </message>
            <full-stacktrace>
              <![CDATA[java.lang.AssertionError: expected [G-ZQ08J2KHQ9] but found []
at org.testng.Assert.fail(Assert.java:111)
at org.testng.Assert.failNotEquals(Assert.java:1578)
at org.testng.Assert.assertEqualsImpl(Assert.java:150)
at org.testng.Assert.assertEquals(Assert.java:132)
at org.testng.Assert.assertEquals(Assert.java:656)
at org.testng.Assert.assertEquals(Assert.java:666)
at TestCases.tagtest.tagtesting(tagtest.java:143)
at java.base/jdk.internal.reflect.DirectMethodHandleAccessor.invoke(DirectMethodHandleAccessor.java:103)
at java.base/java.lang.reflect.Method.invoke(Method.java:580)
at org.testng.internal.invokers.MethodInvocationHelper.invokeMethod(MethodInvocationHelper.java:139)
at org.testng.internal.invokers.TestInvoker.invokeMethod(TestInvoker.java:664)
at org.testng.internal.invokers.TestInvoker.retryFailed(TestInvoker.java:249)
at org.testng.internal.invokers.MethodRunner.runInSequence(MethodRunner.java:76)
at org.testng.internal.invokers.TestInvoker$MethodInvocationAgent.invoke(TestInvoker.java:961)
at org.testng.internal.invokers.TestInvoker.invokeTestMethods(TestInvoker.java:201)
at org.testng.internal.invokers.TestMethodWorker.invokeTestMethods(TestMethodWorker.java:148)
at org.testng.internal.invokers.TestMethodWorker.run(TestMethodWorker.java:128)
at java.base/java.util.ArrayList.forEach(ArrayList.java:1596)
at org.testng.TestRunner.privateRun(TestRunner.java:819)
at org.testng.TestRunner.run(TestRunner.java:619)
at org.testng.SuiteRunner.runTest(SuiteRunner.java:443)
at org.testng.SuiteRunner.runSequentially(SuiteRunner.java:437)
at org.testng.SuiteRunner.privateRun(SuiteRunner.java:397)
at org.testng.SuiteRunner.run(SuiteRunner.java:336)
at org.testng.SuiteRunnerWorker.runSuite(SuiteRunnerWorker.java:52)
at org.testng.SuiteRunnerWorker.run(SuiteRunnerWorker.java:95)
at org.testng.TestNG.runSuitesSequentially(TestNG.java:1301)
at org.testng.TestNG.runSuitesLocally(TestNG.java:1228)
at org.testng.TestNG.runSuites(TestNG.java:1134)
at org.testng.TestNG.run(TestNG.java:1101)
at org.apache.maven.surefire.testng.TestNGExecutor.run(TestNGExecutor.java:284)
at org.apache.maven.surefire.testng.TestNGXmlTestSuite.execute(TestNGXmlTestSuite.java:75)
at org.apache.maven.surefire.testng.TestNGProvider.invoke(TestNGProvider.java:119)
at org.apache.maven.surefire.booter.ForkedBooter.runSuitesInProcess(ForkedBooter.java:428)
at org.apache.maven.surefire.booter.ForkedBooter.execute(ForkedBooter.java:162)
at org.apache.maven.surefire.booter.ForkedBooter.run(ForkedBooter.java:562)
at org.apache.maven.surefire.booter.ForkedBooter.main(ForkedBooter.java:548)
]]>
            </full-stacktrace>
          </exception> <!-- java.lang.AssertionError -->
          <reporter-output>
          </reporter-output>
        </test-method> <!-- tagtesting -->
        <test-method is-config="true" signature="reportvalidation(org.testng.ITestResult)[pri:0, instance:TestCases.tagtest@6e20b53a]" started-at="2024-09-24T16:39:39 IST" name="reportvalidation" finished-at="2024-09-24T16:39:39 IST" duration-ms="45" status="PASS">
          <params>
            <param index="0">
              <value>
                <![CDATA[[TestResult name=tagtesting status=SKIP method=tagtest.tagtesting(java.lang.String,java.lang.String,java.lang.String)[pri:0, instance:TestCases.tagtest@6e20b53a] output={null}]]]>
              </value>
            </param>
          </params>
          <reporter-output>
          </reporter-output>
        </test-method> <!-- reportvalidation -->
        <test-method signature="tagtesting(java.lang.String,java.lang.String,java.lang.String)[pri:0, instance:TestCases.tagtest@6e20b53a]" started-at="2024-09-24T16:39:39 IST" name="tagtesting" data-provider="data" finished-at="2024-09-24T16:40:48 IST" duration-ms="68923" status="PASS">
          <params>
            <param index="0">
              <value>
                <![CDATA[https://www.allrefrigerants.com/]]>
              </value>
            </param>
            <param index="1">
              <value>
                <![CDATA[google tag]]>
              </value>
            </param>
            <param index="2">
              <value>
                <![CDATA[G-ZQ08J2KHQ9]]>
              </value>
            </param>
          </params>
          <reporter-output>
          </reporter-output>
        </test-method> <!-- tagtesting -->
        <test-method is-config="true" signature="reportvalidation(org.testng.ITestResult)[pri:0, instance:TestCases.tagtest@6e20b53a]" started-at="2024-09-24T16:40:48 IST" name="reportvalidation" finished-at="2024-09-24T16:40:48 IST" duration-ms="27" status="PASS">
          <params>
            <param index="0">
              <value>
                <![CDATA[[TestResult name=tagtesting status=SUCCESS method=tagtest.tagtesting(java.lang.String,java.lang.String,java.lang.String)[pri:0, instance:TestCases.tagtest@6e20b53a] output={null}]]]>
              </value>
            </param>
          </params>
          <reporter-output>
          </reporter-output>
        </test-method> <!-- reportvalidation -->
        <test-method is-config="true" signature="close()[pri:0, instance:TestCases.tagtest@6e20b53a]" started-at="2024-09-24T16:40:48 IST" name="close" finished-at="2024-09-24T16:40:48 IST" duration-ms="3" status="FAIL">
          <exception class="org.openqa.selenium.NoSuchSessionException">
            <message>
              <![CDATA[Session ID is null. Using WebDriver after calling quit()?
Build info: version: '4.19.1', revision: 'abe0ee07dc'
System info: os.name: 'Windows 11', os.arch: 'amd64', os.version: '10.0', java.version: '21.0.2'
Driver info: org.openqa.selenium.firefox.FirefoxDriver
Command: [null, close {}]
Capabilities {acceptInsecureCerts: true, browserName: firefox, browserVersion: 130.0.1, moz:accessibilityChecks: false, moz:buildID: 20240913135723, moz:geckodriverVersion: 0.34.0, moz:headless: false, moz:platformVersion: 10.0, moz:processID: 23400, moz:profile: C:\Users\teste\AppData\Loca..., moz:shutdownTimeout: 60000, moz:webdriverClick: true, moz:windowless: false, pageLoadStrategy: normal, platformName: windows, proxy: Proxy(), setWindowRect: true, strictFileInteractability: false, timeouts: {implicit: 0, pageLoad: 300000, script: 30000}, unhandledPromptBehavior: dismiss and notify, userAgent: Mozilla/5.0 (Windows NT 10....}]]>
            </message>
            <full-stacktrace>
              <![CDATA[org.openqa.selenium.NoSuchSessionException: Session ID is null. Using WebDriver after calling quit()?
Build info: version: '4.19.1', revision: 'abe0ee07dc'
System info: os.name: 'Windows 11', os.arch: 'amd64', os.version: '10.0', java.version: '21.0.2'
Driver info: org.openqa.selenium.firefox.FirefoxDriver
Command: [null, close {}]
Capabilities {acceptInsecureCerts: true, browserName: firefox, browserVersion: 130.0.1, moz:accessibilityChecks: false, moz:buildID: 20240913135723, moz:geckodriverVersion: 0.34.0, moz:headless: false, moz:platformVersion: 10.0, moz:processID: 23400, moz:profile: C:\Users\teste\AppData\Loca..., moz:shutdownTimeout: 60000, moz:webdriverClick: true, moz:windowless: false, pageLoadStrategy: normal, platformName: windows, proxy: Proxy(), setWindowRect: true, strictFileInteractability: false, timeouts: {implicit: 0, pageLoad: 300000, script: 30000}, unhandledPromptBehavior: dismiss and notify, userAgent: Mozilla/5.0 (Windows NT 10....}
at org.openqa.selenium.remote.HttpCommandExecutor.execute(HttpCommandExecutor.java:151)
at org.openqa.selenium.remote.service.DriverCommandExecutor.invokeExecute(DriverCommandExecutor.java:216)
at org.openqa.selenium.remote.service.DriverCommandExecutor.execute(DriverCommandExecutor.java:174)
at org.openqa.selenium.remote.RemoteWebDriver.execute(RemoteWebDriver.java:518)
at org.openqa.selenium.remote.RemoteWebDriver.execute(RemoteWebDriver.java:591)
at org.openqa.selenium.remote.RemoteWebDriver.execute(RemoteWebDriver.java:595)
at org.openqa.selenium.remote.RemoteWebDriver.close(RemoteWebDriver.java:405)
at TestCases.tagtest.close(tagtest.java:200)
at java.base/jdk.internal.reflect.DirectMethodHandleAccessor.invoke(DirectMethodHandleAccessor.java:103)
at java.base/java.lang.reflect.Method.invoke(Method.java:580)
at org.testng.internal.invokers.MethodInvocationHelper.invokeMethod(MethodInvocationHelper.java:139)
at org.testng.internal.invokers.MethodInvocationHelper.invokeMethodConsideringTimeout(MethodInvocationHelper.java:69)
at org.testng.internal.invokers.ConfigInvoker.invokeConfigurationMethod(ConfigInvoker.java:393)
at org.testng.internal.invokers.ConfigInvoker.invokeConfigurations(ConfigInvoker.java:326)
at org.testng.TestRunner.invokeTestConfigurations(TestRunner.java:661)
at org.testng.TestRunner.afterRun(TestRunner.java:904)
at org.testng.TestRunner.run(TestRunner.java:622)
at org.testng.SuiteRunner.runTest(SuiteRunner.java:443)
at org.testng.SuiteRunner.runSequentially(SuiteRunner.java:437)
at org.testng.SuiteRunner.privateRun(SuiteRunner.java:397)
at org.testng.SuiteRunner.run(SuiteRunner.java:336)
at org.testng.SuiteRunnerWorker.runSuite(SuiteRunnerWorker.java:52)
at org.testng.SuiteRunnerWorker.run(SuiteRunnerWorker.java:95)
at org.testng.TestNG.runSuitesSequentially(TestNG.java:1301)
at org.testng.TestNG.runSuitesLocally(TestNG.java:1228)
at org.testng.TestNG.runSuites(TestNG.java:1134)
at org.testng.TestNG.run(TestNG.java:1101)
at org.apache.maven.surefire.testng.TestNGExecutor.run(TestNGExecutor.java:284)
at org.apache.maven.surefire.testng.TestNGXmlTestSuite.execute(TestNGXmlTestSuite.java:75)
at org.apache.maven.surefire.testng.TestNGProvider.invoke(TestNGProvider.java:119)
at org.apache.maven.surefire.booter.ForkedBooter.runSuitesInProcess(ForkedBooter.java:428)
at org.apache.maven.surefire.booter.ForkedBooter.execute(ForkedBooter.java:162)
at org.apache.maven.surefire.booter.ForkedBooter.run(ForkedBooter.java:562)
at org.apache.maven.surefire.booter.ForkedBooter.main(ForkedBooter.java:548)
]]>
            </full-stacktrace>
          </exception> <!-- org.openqa.selenium.NoSuchSessionException -->
          <reporter-output>
          </reporter-output>
        </test-method> <!-- close -->
      </class> <!-- TestCases.tagtest -->
    </test> <!-- Test -->
  </suite> <!-- Suite -->
</testng-results>
